<?xml version="1.0" encoding="UTF-8"?>
<testng-results skipped="0" failed="0" total="1" passed="1">
  <reporter-output>
  </reporter-output>
  <suite name="Default suite" duration-ms="23673" started-at="2013-12-19T09:38:55Z" finished-at="2013-12-19T09:39:19Z">
    <groups>
    </groups>
    <test name="Default test" duration-ms="23673" started-at="2013-12-19T09:38:55Z" finished-at="2013-12-19T09:39:19Z">
      <class name="customers.NewTest">
        <test-method status="PASS" signature="f()[pri:0, instance:customers.NewTest@583e0ebb]" name="f" duration-ms="23662" started-at="2013-12-19T15:08:55Z" finished-at="2013-12-19T15:09:19Z">
          <reporter-output>
          </reporter-output>
        </test-method> <!-- f -->
      </class> <!-- customers.NewTest -->
    </test> <!-- Default test -->
  </suite> <!-- Default suite -->
</testng-results>
